<?xml version="1.0" encoding="UTF-8"?>
<testsuite xmlns:xsi="http://www.w3.org/2001/XMLSchema-instance" xsi:noNamespaceSchemaLocation="https://maven.apache.org/surefire/maven-surefire-plugin/xsd/surefire-test-report.xsd" name="UserTest" time="10.887" tests="1" errors="1" skipped="0" failures="0">
  <properties>
    <property name="sun.desktop" value="windows"/>
    <property name="awt.toolkit" value="sun.awt.windows.WToolkit"/>
    <property name="file.encoding.pkg" value="sun.io"/>
    <property name="java.specification.version" value="1.8"/>
    <property name="sun.cpu.isalist" value="amd64"/>
    <property name="sun.jnu.encoding" value="GBK"/>
    <property name="java.class.path" value="D:\BC\IntelliJ IDEA 2020.1\Products\laizheli\laizheli-client\target\test-classes;D:\BC\IntelliJ IDEA 2020.1\Products\laizheli\laizheli-client\target\classes;F:\BCRepository\LocalRepository\com\travel\laizheli\laizheli-common\1.0-SNAPSHOT\laizheli-common-1.0-SNAPSHOT.jar;F:\BCRepository\LocalRepository\org\springframework\boot\spring-boot-starter-web\2.3.0.RELEASE\spring-boot-starter-web-2.3.0.RELEASE.jar;F:\BCRepository\LocalRepository\org\springframework\boot\spring-boot-starter-json\2.3.0.RELEASE\spring-boot-starter-json-2.3.0.RELEASE.jar;F:\BCRepository\LocalRepository\com\fasterxml\jackson\datatype\jackson-datatype-jdk8\2.11.0\jackson-datatype-jdk8-2.11.0.jar;F:\BCRepository\LocalRepository\com\fasterxml\jackson\module\jackson-module-parameter-names\2.11.0\jackson-module-parameter-names-2.11.0.jar;F:\BCRepository\LocalRepository\org\springframework\boot\spring-boot-starter-tomcat\2.3.0.RELEASE\spring-boot-starter-tomcat-2.3.0.RELEASE.jar;F:\BCRepository\LocalRepository\org\apache\tomcat\embed\tomcat-embed-core\9.0.35\tomcat-embed-core-9.0.35.jar;F:\BCRepository\LocalRepository\org\apache\tomcat\embed\tomcat-embed-websocket\9.0.35\tomcat-embed-websocket-9.0.35.jar;F:\BCRepository\LocalRepository\org\springframework\spring-web\5.2.6.RELEASE\spring-web-5.2.6.RELEASE.jar;F:\BCRepository\LocalRepository\org\springframework\spring-webmvc\5.2.6.RELEASE\spring-webmvc-5.2.6.RELEASE.jar;F:\BCRepository\LocalRepository\org\springframework\spring-expression\5.2.6.RELEASE\spring-expression-5.2.6.RELEASE.jar;F:\BCRepository\LocalRepository\org\springframework\boot\spring-boot-starter-data-redis\2.3.0.RELEASE\spring-boot-starter-data-redis-2.3.0.RELEASE.jar;F:\BCRepository\LocalRepository\org\springframework\data\spring-data-redis\2.3.0.RELEASE\spring-data-redis-2.3.0.RELEASE.jar;F:\BCRepository\LocalRepository\org\springframework\data\spring-data-keyvalue\2.3.0.RELEASE\spring-data-keyvalue-2.3.0.RELEASE.jar;F:\BCRepository\LocalRepository\org\springframework\data\spring-data-commons\2.3.0.RELEASE\spring-data-commons-2.3.0.RELEASE.jar;F:\BCRepository\LocalRepository\org\springframework\spring-tx\5.2.6.RELEASE\spring-tx-5.2.6.RELEASE.jar;F:\BCRepository\LocalRepository\org\springframework\spring-oxm\5.2.6.RELEASE\spring-oxm-5.2.6.RELEASE.jar;F:\BCRepository\LocalRepository\org\springframework\spring-context-support\5.2.6.RELEASE\spring-context-support-5.2.6.RELEASE.jar;F:\BCRepository\LocalRepository\io\lettuce\lettuce-core\5.3.0.RELEASE\lettuce-core-5.3.0.RELEASE.jar;F:\BCRepository\LocalRepository\io\netty\netty-common\4.1.49.Final\netty-common-4.1.49.Final.jar;F:\BCRepository\LocalRepository\io\netty\netty-handler\4.1.49.Final\netty-handler-4.1.49.Final.jar;F:\BCRepository\LocalRepository\io\netty\netty-resolver\4.1.49.Final\netty-resolver-4.1.49.Final.jar;F:\BCRepository\LocalRepository\io\netty\netty-buffer\4.1.49.Final\netty-buffer-4.1.49.Final.jar;F:\BCRepository\LocalRepository\io\netty\netty-codec\4.1.49.Final\netty-codec-4.1.49.Final.jar;F:\BCRepository\LocalRepository\io\netty\netty-transport\4.1.49.Final\netty-transport-4.1.49.Final.jar;F:\BCRepository\LocalRepository\io\projectreactor\reactor-core\3.3.5.RELEASE\reactor-core-3.3.5.RELEASE.jar;F:\BCRepository\LocalRepository\org\reactivestreams\reactive-streams\1.0.3\reactive-streams-1.0.3.jar;F:\BCRepository\LocalRepository\com\alibaba\druid-spring-boot-starter\1.1.23\druid-spring-boot-starter-1.1.23.jar;F:\BCRepository\LocalRepository\com\alibaba\druid\1.1.23\druid-1.1.23.jar;F:\BCRepository\LocalRepository\org\slf4j\slf4j-api\1.7.30\slf4j-api-1.7.30.jar;F:\BCRepository\LocalRepository\net\logstash\logback\logstash-logback-encoder\5.3\logstash-logback-encoder-5.3.jar;F:\BCRepository\LocalRepository\com\fasterxml\jackson\core\jackson-databind\2.11.0\jackson-databind-2.11.0.jar;F:\BCRepository\LocalRepository\com\fasterxml\jackson\core\jackson-annotations\2.11.0\jackson-annotations-2.11.0.jar;F:\BCRepository\LocalRepository\com\fasterxml\jackson\core\jackson-core\2.11.0\jackson-core-2.11.0.jar;F:\BCRepository\LocalRepository\io\springfox\springfox-swagger2\2.9.2\springfox-swagger2-2.9.2.jar;F:\BCRepository\LocalRepository\io\swagger\swagger-annotations\1.6.0\swagger-annotations-1.6.0.jar;F:\BCRepository\LocalRepository\io\swagger\swagger-models\1.6.0\swagger-models-1.6.0.jar;F:\BCRepository\LocalRepository\io\springfox\springfox-spi\2.9.2\springfox-spi-2.9.2.jar;F:\BCRepository\LocalRepository\io\springfox\springfox-core\2.9.2\springfox-core-2.9.2.jar;F:\BCRepository\LocalRepository\io\springfox\springfox-schema\2.9.2\springfox-schema-2.9.2.jar;F:\BCRepository\LocalRepository\io\springfox\springfox-swagger-common\2.9.2\springfox-swagger-common-2.9.2.jar;F:\BCRepository\LocalRepository\io\springfox\springfox-spring-web\2.9.2\springfox-spring-web-2.9.2.jar;F:\BCRepository\LocalRepository\com\google\guava\guava\20.0\guava-20.0.jar;F:\BCRepository\LocalRepository\com\fasterxml\classmate\1.5.1\classmate-1.5.1.jar;F:\BCRepository\LocalRepository\org\springframework\plugin\spring-plugin-core\1.2.0.RELEASE\spring-plugin-core-1.2.0.RELEASE.jar;F:\BCRepository\LocalRepository\org\springframework\plugin\spring-plugin-metadata\1.2.0.RELEASE\spring-plugin-metadata-1.2.0.RELEASE.jar;F:\BCRepository\LocalRepository\org\mapstruct\mapstruct\1.2.0.Final\mapstruct-1.2.0.Final.jar;F:\BCRepository\LocalRepository\io\springfox\springfox-swagger-ui\2.9.2\springfox-swagger-ui-2.9.2.jar;F:\BCRepository\LocalRepository\org\springframework\boot\spring-boot-starter-validation\2.3.0.RELEASE\spring-boot-starter-validation-2.3.0.RELEASE.jar;F:\BCRepository\LocalRepository\org\glassfish\jakarta.el\3.0.3\jakarta.el-3.0.3.jar;F:\BCRepository\LocalRepository\org\hibernate\validator\hibernate-validator\6.1.5.Final\hibernate-validator-6.1.5.Final.jar;F:\BCRepository\LocalRepository\jakarta\validation\jakarta.validation-api\2.0.2\jakarta.validation-api-2.0.2.jar;F:\BCRepository\LocalRepository\org\jboss\logging\jboss-logging\3.4.1.Final\jboss-logging-3.4.1.Final.jar;F:\BCRepository\LocalRepository\mysql\mysql-connector-java\8.0.20\mysql-connector-java-8.0.20.jar;F:\BCRepository\LocalRepository\com\google\protobuf\protobuf-java\3.6.1\protobuf-java-3.6.1.jar;F:\BCRepository\LocalRepository\com\baomidou\mybatis-plus-boot-starter\3.3.2\mybatis-plus-boot-starter-3.3.2.jar;F:\BCRepository\LocalRepository\com\baomidou\mybatis-plus\3.3.2\mybatis-plus-3.3.2.jar;F:\BCRepository\LocalRepository\com\baomidou\mybatis-plus-extension\3.3.2\mybatis-plus-extension-3.3.2.jar;F:\BCRepository\LocalRepository\com\baomidou\mybatis-plus-core\3.3.2\mybatis-plus-core-3.3.2.jar;F:\BCRepository\LocalRepository\com\baomidou\mybatis-plus-annotation\3.3.2\mybatis-plus-annotation-3.3.2.jar;F:\BCRepository\LocalRepository\com\github\jsqlparser\jsqlparser\3.1\jsqlparser-3.1.jar;F:\BCRepository\LocalRepository\org\mybatis\mybatis\3.5.4\mybatis-3.5.4.jar;F:\BCRepository\LocalRepository\org\mybatis\mybatis-spring\2.0.4\mybatis-spring-2.0.4.jar;F:\BCRepository\LocalRepository\org\springframework\boot\spring-boot-autoconfigure\2.3.0.RELEASE\spring-boot-autoconfigure-2.3.0.RELEASE.jar;F:\BCRepository\LocalRepository\org\springframework\boot\spring-boot\2.3.0.RELEASE\spring-boot-2.3.0.RELEASE.jar;F:\BCRepository\LocalRepository\org\springframework\boot\spring-boot-starter-jdbc\2.3.0.RELEASE\spring-boot-starter-jdbc-2.3.0.RELEASE.jar;F:\BCRepository\LocalRepository\com\zaxxer\HikariCP\3.4.5\HikariCP-3.4.5.jar;F:\BCRepository\LocalRepository\org\springframework\spring-jdbc\5.2.6.RELEASE\spring-jdbc-5.2.6.RELEASE.jar;F:\BCRepository\LocalRepository\org\springframework\boot\spring-boot-starter-actuator\2.3.0.RELEASE\spring-boot-starter-actuator-2.3.0.RELEASE.jar;F:\BCRepository\LocalRepository\org\springframework\boot\spring-boot-starter\2.3.0.RELEASE\spring-boot-starter-2.3.0.RELEASE.jar;F:\BCRepository\LocalRepository\org\springframework\boot\spring-boot-starter-logging\2.3.0.RELEASE\spring-boot-starter-logging-2.3.0.RELEASE.jar;F:\BCRepository\LocalRepository\ch\qos\logback\logback-classic\1.2.3\logback-classic-1.2.3.jar;F:\BCRepository\LocalRepository\ch\qos\logback\logback-core\1.2.3\logback-core-1.2.3.jar;F:\BCRepository\LocalRepository\org\apache\logging\log4j\log4j-to-slf4j\2.13.2\log4j-to-slf4j-2.13.2.jar;F:\BCRepository\LocalRepository\org\apache\logging\log4j\log4j-api\2.13.2\log4j-api-2.13.2.jar;F:\BCRepository\LocalRepository\org\slf4j\jul-to-slf4j\1.7.30\jul-to-slf4j-1.7.30.jar;F:\BCRepository\LocalRepository\jakarta\annotation\jakarta.annotation-api\1.3.5\jakarta.annotation-api-1.3.5.jar;F:\BCRepository\LocalRepository\org\yaml\snakeyaml\1.26\snakeyaml-1.26.jar;F:\BCRepository\LocalRepository\org\springframework\boot\spring-boot-actuator-autoconfigure\2.3.0.RELEASE\spring-boot-actuator-autoconfigure-2.3.0.RELEASE.jar;F:\BCRepository\LocalRepository\org\springframework\boot\spring-boot-actuator\2.3.0.RELEASE\spring-boot-actuator-2.3.0.RELEASE.jar;F:\BCRepository\LocalRepository\com\fasterxml\jackson\datatype\jackson-datatype-jsr310\2.11.0\jackson-datatype-jsr310-2.11.0.jar;F:\BCRepository\LocalRepository\org\springframework\spring-context\5.2.6.RELEASE\spring-context-5.2.6.RELEASE.jar;F:\BCRepository\LocalRepository\io\micrometer\micrometer-core\1.5.1\micrometer-core-1.5.1.jar;F:\BCRepository\LocalRepository\org\hdrhistogram\HdrHistogram\2.1.12\HdrHistogram-2.1.12.jar;F:\BCRepository\LocalRepository\org\latencyutils\LatencyUtils\2.0.3\LatencyUtils-2.0.3.jar;F:\BCRepository\LocalRepository\org\springframework\boot\spring-boot-starter-aop\2.3.0.RELEASE\spring-boot-starter-aop-2.3.0.RELEASE.jar;F:\BCRepository\LocalRepository\org\springframework\spring-aop\5.2.6.RELEASE\spring-aop-5.2.6.RELEASE.jar;F:\BCRepository\LocalRepository\org\springframework\spring-beans\5.2.6.RELEASE\spring-beans-5.2.6.RELEASE.jar;F:\BCRepository\LocalRepository\org\aspectj\aspectjweaver\1.9.5\aspectjweaver-1.9.5.jar;F:\BCRepository\LocalRepository\org\springframework\boot\spring-boot-starter-test\2.3.0.RELEASE\spring-boot-starter-test-2.3.0.RELEASE.jar;F:\BCRepository\LocalRepository\org\springframework\boot\spring-boot-test\2.3.0.RELEASE\spring-boot-test-2.3.0.RELEASE.jar;F:\BCRepository\LocalRepository\org\springframework\boot\spring-boot-test-autoconfigure\2.3.0.RELEASE\spring-boot-test-autoconfigure-2.3.0.RELEASE.jar;F:\BCRepository\LocalRepository\com\jayway\jsonpath\json-path\2.4.0\json-path-2.4.0.jar;F:\BCRepository\LocalRepository\net\minidev\json-smart\2.3\json-smart-2.3.jar;F:\BCRepository\LocalRepository\net\minidev\accessors-smart\1.2\accessors-smart-1.2.jar;F:\BCRepository\LocalRepository\org\ow2\asm\asm\5.0.4\asm-5.0.4.jar;F:\BCRepository\LocalRepository\jakarta\xml\bind\jakarta.xml.bind-api\2.3.3\jakarta.xml.bind-api-2.3.3.jar;F:\BCRepository\LocalRepository\jakarta\activation\jakarta.activation-api\1.2.2\jakarta.activation-api-1.2.2.jar;F:\BCRepository\LocalRepository\org\assertj\assertj-core\3.16.1\assertj-core-3.16.1.jar;F:\BCRepository\LocalRepository\org\hamcrest\hamcrest\2.2\hamcrest-2.2.jar;F:\BCRepository\LocalRepository\org\junit\jupiter\junit-jupiter\5.6.2\junit-jupiter-5.6.2.jar;F:\BCRepository\LocalRepository\org\junit\jupiter\junit-jupiter-api\5.6.2\junit-jupiter-api-5.6.2.jar;F:\BCRepository\LocalRepository\org\opentest4j\opentest4j\1.2.0\opentest4j-1.2.0.jar;F:\BCRepository\LocalRepository\org\junit\platform\junit-platform-commons\1.6.2\junit-platform-commons-1.6.2.jar;F:\BCRepository\LocalRepository\org\junit\jupiter\junit-jupiter-params\5.6.2\junit-jupiter-params-5.6.2.jar;F:\BCRepository\LocalRepository\org\junit\jupiter\junit-jupiter-engine\5.6.2\junit-jupiter-engine-5.6.2.jar;F:\BCRepository\LocalRepository\org\junit\vintage\junit-vintage-engine\5.6.2\junit-vintage-engine-5.6.2.jar;F:\BCRepository\LocalRepository\org\apiguardian\apiguardian-api\1.1.0\apiguardian-api-1.1.0.jar;F:\BCRepository\LocalRepository\org\junit\platform\junit-platform-engine\1.6.2\junit-platform-engine-1.6.2.jar;F:\BCRepository\LocalRepository\junit\junit\4.13\junit-4.13.jar;F:\BCRepository\LocalRepository\org\mockito\mockito-core\3.3.3\mockito-core-3.3.3.jar;F:\BCRepository\LocalRepository\net\bytebuddy\byte-buddy\1.10.10\byte-buddy-1.10.10.jar;F:\BCRepository\LocalRepository\net\bytebuddy\byte-buddy-agent\1.10.10\byte-buddy-agent-1.10.10.jar;F:\BCRepository\LocalRepository\org\objenesis\objenesis\2.6\objenesis-2.6.jar;F:\BCRepository\LocalRepository\org\mockito\mockito-junit-jupiter\3.3.3\mockito-junit-jupiter-3.3.3.jar;F:\BCRepository\LocalRepository\org\skyscreamer\jsonassert\1.5.0\jsonassert-1.5.0.jar;F:\BCRepository\LocalRepository\com\vaadin\external\google\android-json\0.0.20131108.vaadin1\android-json-0.0.20131108.vaadin1.jar;F:\BCRepository\LocalRepository\org\springframework\spring-core\5.2.6.RELEASE\spring-core-5.2.6.RELEASE.jar;F:\BCRepository\LocalRepository\org\springframework\spring-jcl\5.2.6.RELEASE\spring-jcl-5.2.6.RELEASE.jar;F:\BCRepository\LocalRepository\org\springframework\spring-test\5.2.6.RELEASE\spring-test-5.2.6.RELEASE.jar;F:\BCRepository\LocalRepository\org\xmlunit\xmlunit-core\2.7.0\xmlunit-core-2.7.0.jar;F:\BCRepository\LocalRepository\cn\hutool\hutool-all\5.4.0\hutool-all-5.4.0.jar;F:\BCRepository\LocalRepository\org\projectlombok\lombok\1.18.12\lombok-1.18.12.jar;F:\BCRepository\LocalRepository\org\springframework\boot\spring-boot-configuration-processor\2.3.0.RELEASE\spring-boot-configuration-processor-2.3.0.RELEASE.jar;"/>
    <property name="java.vm.vendor" value="Oracle Corporation"/>
    <property name="sun.arch.data.model" value="64"/>
    <property name="user.variant" value=""/>
    <property name="java.vendor.url" value="http://java.oracle.com/"/>
    <property name="user.timezone" value="Asia/Shanghai"/>
    <property name="java.vm.specification.version" value="1.8"/>
    <property name="os.name" value="Windows 10"/>
    <property name="user.country" value="CN"/>
    <property name="sun.java.launcher" value="SUN_STANDARD"/>
    <property name="sun.boot.library.path" value="D:\BC\Environment\jdk8\jre\bin"/>
    <property name="sun.java.command" value="C:\Users\dell\AppData\Local\Temp\surefire3574533947545533802\surefirebooter6949783241131708241.jar C:\Users\dell\AppData\Local\Temp\surefire3574533947545533802 2021-01-21T16-31-57_055-jvmRun1 surefire8149871639091794418tmp surefire_0800505374758465763tmp"/>
    <property name="surefire.test.class.path" value="D:\BC\IntelliJ IDEA 2020.1\Products\laizheli\laizheli-client\target\test-classes;D:\BC\IntelliJ IDEA 2020.1\Products\laizheli\laizheli-client\target\classes;F:\BCRepository\LocalRepository\com\travel\laizheli\laizheli-common\1.0-SNAPSHOT\laizheli-common-1.0-SNAPSHOT.jar;F:\BCRepository\LocalRepository\org\springframework\boot\spring-boot-starter-web\2.3.0.RELEASE\spring-boot-starter-web-2.3.0.RELEASE.jar;F:\BCRepository\LocalRepository\org\springframework\boot\spring-boot-starter-json\2.3.0.RELEASE\spring-boot-starter-json-2.3.0.RELEASE.jar;F:\BCRepository\LocalRepository\com\fasterxml\jackson\datatype\jackson-datatype-jdk8\2.11.0\jackson-datatype-jdk8-2.11.0.jar;F:\BCRepository\LocalRepository\com\fasterxml\jackson\module\jackson-module-parameter-names\2.11.0\jackson-module-parameter-names-2.11.0.jar;F:\BCRepository\LocalRepository\org\springframework\boot\spring-boot-starter-tomcat\2.3.0.RELEASE\spring-boot-starter-tomcat-2.3.0.RELEASE.jar;F:\BCRepository\LocalRepository\org\apache\tomcat\embed\tomcat-embed-core\9.0.35\tomcat-embed-core-9.0.35.jar;F:\BCRepository\LocalRepository\org\apache\tomcat\embed\tomcat-embed-websocket\9.0.35\tomcat-embed-websocket-9.0.35.jar;F:\BCRepository\LocalRepository\org\springframework\spring-web\5.2.6.RELEASE\spring-web-5.2.6.RELEASE.jar;F:\BCRepository\LocalRepository\org\springframework\spring-webmvc\5.2.6.RELEASE\spring-webmvc-5.2.6.RELEASE.jar;F:\BCRepository\LocalRepository\org\springframework\spring-expression\5.2.6.RELEASE\spring-expression-5.2.6.RELEASE.jar;F:\BCRepository\LocalRepository\org\springframework\boot\spring-boot-starter-data-redis\2.3.0.RELEASE\spring-boot-starter-data-redis-2.3.0.RELEASE.jar;F:\BCRepository\LocalRepository\org\springframework\data\spring-data-redis\2.3.0.RELEASE\spring-data-redis-2.3.0.RELEASE.jar;F:\BCRepository\LocalRepository\org\springframework\data\spring-data-keyvalue\2.3.0.RELEASE\spring-data-keyvalue-2.3.0.RELEASE.jar;F:\BCRepository\LocalRepository\org\springframework\data\spring-data-commons\2.3.0.RELEASE\spring-data-commons-2.3.0.RELEASE.jar;F:\BCRepository\LocalRepository\org\springframework\spring-tx\5.2.6.RELEASE\spring-tx-5.2.6.RELEASE.jar;F:\BCRepository\LocalRepository\org\springframework\spring-oxm\5.2.6.RELEASE\spring-oxm-5.2.6.RELEASE.jar;F:\BCRepository\LocalRepository\org\springframework\spring-context-support\5.2.6.RELEASE\spring-context-support-5.2.6.RELEASE.jar;F:\BCRepository\LocalRepository\io\lettuce\lettuce-core\5.3.0.RELEASE\lettuce-core-5.3.0.RELEASE.jar;F:\BCRepository\LocalRepository\io\netty\netty-common\4.1.49.Final\netty-common-4.1.49.Final.jar;F:\BCRepository\LocalRepository\io\netty\netty-handler\4.1.49.Final\netty-handler-4.1.49.Final.jar;F:\BCRepository\LocalRepository\io\netty\netty-resolver\4.1.49.Final\netty-resolver-4.1.49.Final.jar;F:\BCRepository\LocalRepository\io\netty\netty-buffer\4.1.49.Final\netty-buffer-4.1.49.Final.jar;F:\BCRepository\LocalRepository\io\netty\netty-codec\4.1.49.Final\netty-codec-4.1.49.Final.jar;F:\BCRepository\LocalRepository\io\netty\netty-transport\4.1.49.Final\netty-transport-4.1.49.Final.jar;F:\BCRepository\LocalRepository\io\projectreactor\reactor-core\3.3.5.RELEASE\reactor-core-3.3.5.RELEASE.jar;F:\BCRepository\LocalRepository\org\reactivestreams\reactive-streams\1.0.3\reactive-streams-1.0.3.jar;F:\BCRepository\LocalRepository\com\alibaba\druid-spring-boot-starter\1.1.23\druid-spring-boot-starter-1.1.23.jar;F:\BCRepository\LocalRepository\com\alibaba\druid\1.1.23\druid-1.1.23.jar;F:\BCRepository\LocalRepository\org\slf4j\slf4j-api\1.7.30\slf4j-api-1.7.30.jar;F:\BCRepository\LocalRepository\net\logstash\logback\logstash-logback-encoder\5.3\logstash-logback-encoder-5.3.jar;F:\BCRepository\LocalRepository\com\fasterxml\jackson\core\jackson-databind\2.11.0\jackson-databind-2.11.0.jar;F:\BCRepository\LocalRepository\com\fasterxml\jackson\core\jackson-annotations\2.11.0\jackson-annotations-2.11.0.jar;F:\BCRepository\LocalRepository\com\fasterxml\jackson\core\jackson-core\2.11.0\jackson-core-2.11.0.jar;F:\BCRepository\LocalRepository\io\springfox\springfox-swagger2\2.9.2\springfox-swagger2-2.9.2.jar;F:\BCRepository\LocalRepository\io\swagger\swagger-annotations\1.6.0\swagger-annotations-1.6.0.jar;F:\BCRepository\LocalRepository\io\swagger\swagger-models\1.6.0\swagger-models-1.6.0.jar;F:\BCRepository\LocalRepository\io\springfox\springfox-spi\2.9.2\springfox-spi-2.9.2.jar;F:\BCRepository\LocalRepository\io\springfox\springfox-core\2.9.2\springfox-core-2.9.2.jar;F:\BCRepository\LocalRepository\io\springfox\springfox-schema\2.9.2\springfox-schema-2.9.2.jar;F:\BCRepository\LocalRepository\io\springfox\springfox-swagger-common\2.9.2\springfox-swagger-common-2.9.2.jar;F:\BCRepository\LocalRepository\io\springfox\springfox-spring-web\2.9.2\springfox-spring-web-2.9.2.jar;F:\BCRepository\LocalRepository\com\google\guava\guava\20.0\guava-20.0.jar;F:\BCRepository\LocalRepository\com\fasterxml\classmate\1.5.1\classmate-1.5.1.jar;F:\BCRepository\LocalRepository\org\springframework\plugin\spring-plugin-core\1.2.0.RELEASE\spring-plugin-core-1.2.0.RELEASE.jar;F:\BCRepository\LocalRepository\org\springframework\plugin\spring-plugin-metadata\1.2.0.RELEASE\spring-plugin-metadata-1.2.0.RELEASE.jar;F:\BCRepository\LocalRepository\org\mapstruct\mapstruct\1.2.0.Final\mapstruct-1.2.0.Final.jar;F:\BCRepository\LocalRepository\io\springfox\springfox-swagger-ui\2.9.2\springfox-swagger-ui-2.9.2.jar;F:\BCRepository\LocalRepository\org\springframework\boot\spring-boot-starter-validation\2.3.0.RELEASE\spring-boot-starter-validation-2.3.0.RELEASE.jar;F:\BCRepository\LocalRepository\org\glassfish\jakarta.el\3.0.3\jakarta.el-3.0.3.jar;F:\BCRepository\LocalRepository\org\hibernate\validator\hibernate-validator\6.1.5.Final\hibernate-validator-6.1.5.Final.jar;F:\BCRepository\LocalRepository\jakarta\validation\jakarta.validation-api\2.0.2\jakarta.validation-api-2.0.2.jar;F:\BCRepository\LocalRepository\org\jboss\logging\jboss-logging\3.4.1.Final\jboss-logging-3.4.1.Final.jar;F:\BCRepository\LocalRepository\mysql\mysql-connector-java\8.0.20\mysql-connector-java-8.0.20.jar;F:\BCRepository\LocalRepository\com\google\protobuf\protobuf-java\3.6.1\protobuf-java-3.6.1.jar;F:\BCRepository\LocalRepository\com\baomidou\mybatis-plus-boot-starter\3.3.2\mybatis-plus-boot-starter-3.3.2.jar;F:\BCRepository\LocalRepository\com\baomidou\mybatis-plus\3.3.2\mybatis-plus-3.3.2.jar;F:\BCRepository\LocalRepository\com\baomidou\mybatis-plus-extension\3.3.2\mybatis-plus-extension-3.3.2.jar;F:\BCRepository\LocalRepository\com\baomidou\mybatis-plus-core\3.3.2\mybatis-plus-core-3.3.2.jar;F:\BCRepository\LocalRepository\com\baomidou\mybatis-plus-annotation\3.3.2\mybatis-plus-annotation-3.3.2.jar;F:\BCRepository\LocalRepository\com\github\jsqlparser\jsqlparser\3.1\jsqlparser-3.1.jar;F:\BCRepository\LocalRepository\org\mybatis\mybatis\3.5.4\mybatis-3.5.4.jar;F:\BCRepository\LocalRepository\org\mybatis\mybatis-spring\2.0.4\mybatis-spring-2.0.4.jar;F:\BCRepository\LocalRepository\org\springframework\boot\spring-boot-autoconfigure\2.3.0.RELEASE\spring-boot-autoconfigure-2.3.0.RELEASE.jar;F:\BCRepository\LocalRepository\org\springframework\boot\spring-boot\2.3.0.RELEASE\spring-boot-2.3.0.RELEASE.jar;F:\BCRepository\LocalRepository\org\springframework\boot\spring-boot-starter-jdbc\2.3.0.RELEASE\spring-boot-starter-jdbc-2.3.0.RELEASE.jar;F:\BCRepository\LocalRepository\com\zaxxer\HikariCP\3.4.5\HikariCP-3.4.5.jar;F:\BCRepository\LocalRepository\org\springframework\spring-jdbc\5.2.6.RELEASE\spring-jdbc-5.2.6.RELEASE.jar;F:\BCRepository\LocalRepository\org\springframework\boot\spring-boot-starter-actuator\2.3.0.RELEASE\spring-boot-starter-actuator-2.3.0.RELEASE.jar;F:\BCRepository\LocalRepository\org\springframework\boot\spring-boot-starter\2.3.0.RELEASE\spring-boot-starter-2.3.0.RELEASE.jar;F:\BCRepository\LocalRepository\org\springframework\boot\spring-boot-starter-logging\2.3.0.RELEASE\spring-boot-starter-logging-2.3.0.RELEASE.jar;F:\BCRepository\LocalRepository\ch\qos\logback\logback-classic\1.2.3\logback-classic-1.2.3.jar;F:\BCRepository\LocalRepository\ch\qos\logback\logback-core\1.2.3\logback-core-1.2.3.jar;F:\BCRepository\LocalRepository\org\apache\logging\log4j\log4j-to-slf4j\2.13.2\log4j-to-slf4j-2.13.2.jar;F:\BCRepository\LocalRepository\org\apache\logging\log4j\log4j-api\2.13.2\log4j-api-2.13.2.jar;F:\BCRepository\LocalRepository\org\slf4j\jul-to-slf4j\1.7.30\jul-to-slf4j-1.7.30.jar;F:\BCRepository\LocalRepository\jakarta\annotation\jakarta.annotation-api\1.3.5\jakarta.annotation-api-1.3.5.jar;F:\BCRepository\LocalRepository\org\yaml\snakeyaml\1.26\snakeyaml-1.26.jar;F:\BCRepository\LocalRepository\org\springframework\boot\spring-boot-actuator-autoconfigure\2.3.0.RELEASE\spring-boot-actuator-autoconfigure-2.3.0.RELEASE.jar;F:\BCRepository\LocalRepository\org\springframework\boot\spring-boot-actuator\2.3.0.RELEASE\spring-boot-actuator-2.3.0.RELEASE.jar;F:\BCRepository\LocalRepository\com\fasterxml\jackson\datatype\jackson-datatype-jsr310\2.11.0\jackson-datatype-jsr310-2.11.0.jar;F:\BCRepository\LocalRepository\org\springframework\spring-context\5.2.6.RELEASE\spring-context-5.2.6.RELEASE.jar;F:\BCRepository\LocalRepository\io\micrometer\micrometer-core\1.5.1\micrometer-core-1.5.1.jar;F:\BCRepository\LocalRepository\org\hdrhistogram\HdrHistogram\2.1.12\HdrHistogram-2.1.12.jar;F:\BCRepository\LocalRepository\org\latencyutils\LatencyUtils\2.0.3\LatencyUtils-2.0.3.jar;F:\BCRepository\LocalRepository\org\springframework\boot\spring-boot-starter-aop\2.3.0.RELEASE\spring-boot-starter-aop-2.3.0.RELEASE.jar;F:\BCRepository\LocalRepository\org\springframework\spring-aop\5.2.6.RELEASE\spring-aop-5.2.6.RELEASE.jar;F:\BCRepository\LocalRepository\org\springframework\spring-beans\5.2.6.RELEASE\spring-beans-5.2.6.RELEASE.jar;F:\BCRepository\LocalRepository\org\aspectj\aspectjweaver\1.9.5\aspectjweaver-1.9.5.jar;F:\BCRepository\LocalRepository\org\springframework\boot\spring-boot-starter-test\2.3.0.RELEASE\spring-boot-starter-test-2.3.0.RELEASE.jar;F:\BCRepository\LocalRepository\org\springframework\boot\spring-boot-test\2.3.0.RELEASE\spring-boot-test-2.3.0.RELEASE.jar;F:\BCRepository\LocalRepository\org\springframework\boot\spring-boot-test-autoconfigure\2.3.0.RELEASE\spring-boot-test-autoconfigure-2.3.0.RELEASE.jar;F:\BCRepository\LocalRepository\com\jayway\jsonpath\json-path\2.4.0\json-path-2.4.0.jar;F:\BCRepository\LocalRepository\net\minidev\json-smart\2.3\json-smart-2.3.jar;F:\BCRepository\LocalRepository\net\minidev\accessors-smart\1.2\accessors-smart-1.2.jar;F:\BCRepository\LocalRepository\org\ow2\asm\asm\5.0.4\asm-5.0.4.jar;F:\BCRepository\LocalRepository\jakarta\xml\bind\jakarta.xml.bind-api\2.3.3\jakarta.xml.bind-api-2.3.3.jar;F:\BCRepository\LocalRepository\jakarta\activation\jakarta.activation-api\1.2.2\jakarta.activation-api-1.2.2.jar;F:\BCRepository\LocalRepository\org\assertj\assertj-core\3.16.1\assertj-core-3.16.1.jar;F:\BCRepository\LocalRepository\org\hamcrest\hamcrest\2.2\hamcrest-2.2.jar;F:\BCRepository\LocalRepository\org\junit\jupiter\junit-jupiter\5.6.2\junit-jupiter-5.6.2.jar;F:\BCRepository\LocalRepository\org\junit\jupiter\junit-jupiter-api\5.6.2\junit-jupiter-api-5.6.2.jar;F:\BCRepository\LocalRepository\org\opentest4j\opentest4j\1.2.0\opentest4j-1.2.0.jar;F:\BCRepository\LocalRepository\org\junit\platform\junit-platform-commons\1.6.2\junit-platform-commons-1.6.2.jar;F:\BCRepository\LocalRepository\org\junit\jupiter\junit-jupiter-params\5.6.2\junit-jupiter-params-5.6.2.jar;F:\BCRepository\LocalRepository\org\junit\jupiter\junit-jupiter-engine\5.6.2\junit-jupiter-engine-5.6.2.jar;F:\BCRepository\LocalRepository\org\junit\vintage\junit-vintage-engine\5.6.2\junit-vintage-engine-5.6.2.jar;F:\BCRepository\LocalRepository\org\apiguardian\apiguardian-api\1.1.0\apiguardian-api-1.1.0.jar;F:\BCRepository\LocalRepository\org\junit\platform\junit-platform-engine\1.6.2\junit-platform-engine-1.6.2.jar;F:\BCRepository\LocalRepository\junit\junit\4.13\junit-4.13.jar;F:\BCRepository\LocalRepository\org\mockito\mockito-core\3.3.3\mockito-core-3.3.3.jar;F:\BCRepository\LocalRepository\net\bytebuddy\byte-buddy\1.10.10\byte-buddy-1.10.10.jar;F:\BCRepository\LocalRepository\net\bytebuddy\byte-buddy-agent\1.10.10\byte-buddy-agent-1.10.10.jar;F:\BCRepository\LocalRepository\org\objenesis\objenesis\2.6\objenesis-2.6.jar;F:\BCRepository\LocalRepository\org\mockito\mockito-junit-jupiter\3.3.3\mockito-junit-jupiter-3.3.3.jar;F:\BCRepository\LocalRepository\org\skyscreamer\jsonassert\1.5.0\jsonassert-1.5.0.jar;F:\BCRepository\LocalRepository\com\vaadin\external\google\android-json\0.0.20131108.vaadin1\android-json-0.0.20131108.vaadin1.jar;F:\BCRepository\LocalRepository\org\springframework\spring-core\5.2.6.RELEASE\spring-core-5.2.6.RELEASE.jar;F:\BCRepository\LocalRepository\org\springframework\spring-jcl\5.2.6.RELEASE\spring-jcl-5.2.6.RELEASE.jar;F:\BCRepository\LocalRepository\org\springframework\spring-test\5.2.6.RELEASE\spring-test-5.2.6.RELEASE.jar;F:\BCRepository\LocalRepository\org\xmlunit\xmlunit-core\2.7.0\xmlunit-core-2.7.0.jar;F:\BCRepository\LocalRepository\cn\hutool\hutool-all\5.4.0\hutool-all-5.4.0.jar;F:\BCRepository\LocalRepository\org\projectlombok\lombok\1.18.12\lombok-1.18.12.jar;F:\BCRepository\LocalRepository\org\springframework\boot\spring-boot-configuration-processor\2.3.0.RELEASE\spring-boot-configuration-processor-2.3.0.RELEASE.jar;"/>
    <property name="sun.cpu.endian" value="little"/>
    <property name="user.home" value="C:\Users\dell"/>
    <property name="user.language" value="zh"/>
    <property name="java.specification.vendor" value="Oracle Corporation"/>
    <property name="java.home" value="D:\BC\Environment\jdk8\jre"/>
    <property name="basedir" value="D:\BC\IntelliJ IDEA 2020.1\Products\laizheli\laizheli-client"/>
    <property name="file.separator" value="\"/>
    <property name="line.separator" value="&#10;"/>
    <property name="java.vm.specification.vendor" value="Oracle Corporation"/>
    <property name="java.specification.name" value="Java Platform API Specification"/>
    <property name="java.awt.graphicsenv" value="sun.awt.Win32GraphicsEnvironment"/>
    <property name="surefire.real.class.path" value="C:\Users\dell\AppData\Local\Temp\surefire3574533947545533802\surefirebooter6949783241131708241.jar"/>
    <property name="sun.boot.class.path" value="D:\BC\Environment\jdk8\jre\lib\resources.jar;D:\BC\Environment\jdk8\jre\lib\rt.jar;D:\BC\Environment\jdk8\jre\lib\sunrsasign.jar;D:\BC\Environment\jdk8\jre\lib\jsse.jar;D:\BC\Environment\jdk8\jre\lib\jce.jar;D:\BC\Environment\jdk8\jre\lib\charsets.jar;D:\BC\Environment\jdk8\jre\lib\jfr.jar;D:\BC\Environment\jdk8\jre\classes"/>
    <property name="user.script" value=""/>
    <property name="sun.management.compiler" value="HotSpot 64-Bit Tiered Compilers"/>
    <property name="java.runtime.version" value="1.8.0_212-b10"/>
    <property name="user.name" value="dell"/>
    <property name="path.separator" value=";"/>
    <property name="os.version" value="10.0"/>
    <property name="java.endorsed.dirs" value="D:\BC\Environment\jdk8\jre\lib\endorsed"/>
    <property name="java.runtime.name" value="Java(TM) SE Runtime Environment"/>
    <property name="file.encoding" value="GBK"/>
    <property name="java.vm.name" value="Java HotSpot(TM) 64-Bit Server VM"/>
    <property name="idea.version2020.1" value="true"/>
    <property name="localRepository" value="F:\BCRepository\LocalRepository"/>
    <property name="java.vendor.url.bug" value="http://bugreport.sun.com/bugreport/"/>
    <property name="java.io.tmpdir" value="C:\Users\dell\AppData\Local\Temp\"/>
    <property name="java.version" value="1.8.0_212"/>
    <property name="user.dir" value="D:\BC\IntelliJ IDEA 2020.1\Products\laizheli\laizheli-client"/>
    <property name="os.arch" value="amd64"/>
    <property name="java.vm.specification.name" value="Java Virtual Machine Specification"/>
    <property name="java.awt.printerjob" value="sun.awt.windows.WPrinterJob"/>
    <property name="sun.os.patch.level" value=""/>
    <property name="java.library.path" value="D:\BC\Environment\jdk8\jre\bin;C:\WINDOWS\Sun\Java\bin;C:\WINDOWS\system32;C:\WINDOWS;C:\Python39\Scripts\;C:\Python39\;D:\app\oracleuser\product\12.1.0\dbhome_1\bin;C:\Program Files (x86)\Common Files\Oracle\Java\javapath;C:\ProgramData\Oracle\Java\javapath;C:\Windows\system32;C:\Windows;C:\Windows\System32\Wbem;C:\Windows\System32\WindowsPowerShell\v1.0\;C:\Program Files (x86)\NVIDIA Corporation\PhysX\Common;C:\WINDOWS\system32;C:\WINDOWS;C:\WINDOWS\System32\Wbem;C:\WINDOWS\System32\WindowsPowerShell\v1.0\;C:\Program Files (x86)\Microsoft SQL Server\110\Tools\Binn\;C:\Program Files\Microsoft SQL Server\110\Tools\Binn\;C:\Program Files\Microsoft SQL Server\110\DTS\Binn\;C:\Program Files (x86)\Microsoft SQL Server\110\Tools\Binn\ManagementStudio\;C:\Program Files (x86)\Microsoft SQL Server\110\DTS\Binn\;C:\WINDOWS\System32\OpenSSH\;C:\Program Files\Microsoft SQL Server\130\Tools\Binn\;C:\Program Files\dotnet\;D:\BC\LoadRunner\strawberry-perl\perl\bin;C:\Program Files (x86)\Intel\Intel(R) Management Engine Components\DAL;C:\Program Files\Intel\Intel(R) Management Engine Components\DAL;D:\BC\Environment\Git\cmd;C:\Program Files\Docker\Docker\resources\bin;C:\ProgramData\DockerDesktop\version-bin;D:\BC\nodejs\;C:\ProgramData\chocolatey\bin;C:\Users\dell\AppData\Local\Programs\Python\Python38\Scripts\;C:\Users\dell\AppData\Local\Programs\Python\Python38\;D:\BC\Python\Scripts\;D:\BC\Python\;C:\Users\dell\AppData\Local\Microsoft\WindowsApps;D:\Bandizip\;D:\BC\Environment\jdk-14.0.1\bin;D:\BC\Environment\jdk-14.0.1\jre\bin;D:\BC\Environment\apache-maven-3.6.3\bin;D:\BC\Microsoft VS Code\bin;C:\Users\dell\AppData\Roaming\npm;."/>
    <property name="java.vm.info" value="mixed mode"/>
    <property name="java.vendor" value="Oracle Corporation"/>
    <property name="java.vm.version" value="25.212-b10"/>
    <property name="java.ext.dirs" value="D:\BC\Environment\jdk8\jre\lib\ext;C:\WINDOWS\Sun\Java\lib\ext"/>
    <property name="sun.io.unicode.encoding" value="UnicodeLittle"/>
    <property name="maven.repo.local" value="F:\BCRepository\LocalRepository"/>
    <property name="java.class.version" value="52.0"/>
  </properties>
  <testcase name="printUser" classname="UserTest" time="2.403">
    <error message="nested exception is org.apache.ibatis.reflection.ReflectionException: Could not set property &apos;createTime&apos; of &apos;class com.travel.laizheli.Entity.User&apos; with value &apos;Mon Jan 11 00:00:00 CST 2021&apos; Cause: java.lang.IllegalArgumentException: argument type mismatch" type="org.mybatis.spring.MyBatisSystemException">org.mybatis.spring.MyBatisSystemException: nested exception is org.apache.ibatis.reflection.ReflectionException: Could not set property 'createTime' of 'class com.travel.laizheli.Entity.User' with value 'Mon Jan 11 00:00:00 CST 2021' Cause: java.lang.IllegalArgumentException: argument type mismatch
	at UserTest.printUser(UserTest.java:27)
Caused by: org.apache.ibatis.reflection.ReflectionException: Could not set property 'createTime' of 'class com.travel.laizheli.Entity.User' with value 'Mon Jan 11 00:00:00 CST 2021' Cause: java.lang.IllegalArgumentException: argument type mismatch
	at UserTest.printUser(UserTest.java:27)
Caused by: java.lang.IllegalArgumentException: argument type mismatch
	at UserTest.printUser(UserTest.java:27)
</error>
    <system-out><![CDATA[16:31:58.139 [main] DEBUG org.springframework.test.context.junit4.SpringJUnit4ClassRunner - SpringJUnit4ClassRunner constructor called with [class UserTest]
16:31:58.144 [main] DEBUG org.springframework.test.context.BootstrapUtils - Instantiating CacheAwareContextLoaderDelegate from class [org.springframework.test.context.cache.DefaultCacheAwareContextLoaderDelegate]
16:31:58.152 [main] DEBUG org.springframework.test.context.BootstrapUtils - Instantiating BootstrapContext using constructor [public org.springframework.test.context.support.DefaultBootstrapContext(java.lang.Class,org.springframework.test.context.CacheAwareContextLoaderDelegate)]
16:31:58.186 [main] DEBUG org.springframework.test.context.BootstrapUtils - Instantiating TestContextBootstrapper for test class [UserTest] from class [org.springframework.boot.test.context.SpringBootTestContextBootstrapper]
16:31:58.207 [main] INFO org.springframework.boot.test.context.SpringBootTestContextBootstrapper - Neither @ContextConfiguration nor @ContextHierarchy found for test class [UserTest], using SpringBootContextLoader
16:31:58.211 [main] DEBUG org.springframework.test.context.support.AbstractContextLoader - Did not detect default resource location for test class [UserTest]: class path resource [UserTest-context.xml] does not exist
16:31:58.211 [main] DEBUG org.springframework.test.context.support.AbstractContextLoader - Did not detect default resource location for test class [UserTest]: class path resource [UserTestContext.groovy] does not exist
16:31:58.212 [main] INFO org.springframework.test.context.support.AbstractContextLoader - Could not detect default resource locations for test class [UserTest]: no resource found for suffixes {-context.xml, Context.groovy}.
16:31:58.256 [main] DEBUG org.springframework.test.context.support.ActiveProfilesUtils - Could not find an 'annotation declaring class' for annotation type [org.springframework.test.context.ActiveProfiles] and class [UserTest]
16:31:58.410 [main] DEBUG org.springframework.boot.test.context.SpringBootTestContextBootstrapper - @TestExecutionListeners is not present for class [UserTest]: using defaults.
16:31:58.410 [main] INFO org.springframework.boot.test.context.SpringBootTestContextBootstrapper - Loaded default TestExecutionListener class names from location [META-INF/spring.factories]: [org.springframework.boot.test.mock.mockito.MockitoTestExecutionListener, org.springframework.boot.test.mock.mockito.ResetMocksTestExecutionListener, org.springframework.boot.test.autoconfigure.restdocs.RestDocsTestExecutionListener, org.springframework.boot.test.autoconfigure.web.client.MockRestServiceServerResetTestExecutionListener, org.springframework.boot.test.autoconfigure.web.servlet.MockMvcPrintOnlyOnFailureTestExecutionListener, org.springframework.boot.test.autoconfigure.web.servlet.WebDriverTestExecutionListener, org.springframework.boot.test.autoconfigure.webservices.client.MockWebServiceServerTestExecutionListener, org.springframework.test.context.web.ServletTestExecutionListener, org.springframework.test.context.support.DirtiesContextBeforeModesTestExecutionListener, org.springframework.test.context.support.DependencyInjectionTestExecutionListener, org.springframework.test.context.support.DirtiesContextTestExecutionListener, org.springframework.test.context.transaction.TransactionalTestExecutionListener, org.springframework.test.context.jdbc.SqlScriptsTestExecutionListener, org.springframework.test.context.event.EventPublishingTestExecutionListener]
16:31:58.427 [main] INFO org.springframework.boot.test.context.SpringBootTestContextBootstrapper - Using TestExecutionListeners: [org.springframework.test.context.web.ServletTestExecutionListener@41fecb8b, org.springframework.test.context.support.DirtiesContextBeforeModesTestExecutionListener@120f102b, org.springframework.boot.test.mock.mockito.MockitoTestExecutionListener@625732, org.springframework.boot.test.autoconfigure.SpringBootDependencyInjectionTestExecutionListener@51dcb805, org.springframework.test.context.support.DirtiesContextTestExecutionListener@66498326, org.springframework.test.context.transaction.TransactionalTestExecutionListener@cad498c, org.springframework.test.context.jdbc.SqlScriptsTestExecutionListener@1e6454ec, org.springframework.test.context.event.EventPublishingTestExecutionListener@2accdbb5, org.springframework.boot.test.mock.mockito.ResetMocksTestExecutionListener@b62d79, org.springframework.boot.test.autoconfigure.restdocs.RestDocsTestExecutionListener@6631f5ca, org.springframework.boot.test.autoconfigure.web.client.MockRestServiceServerResetTestExecutionListener@5ace1ed4, org.springframework.boot.test.autoconfigure.web.servlet.MockMvcPrintOnlyOnFailureTestExecutionListener@1613674b, org.springframework.boot.test.autoconfigure.web.servlet.WebDriverTestExecutionListener@27ff5d15, org.springframework.boot.test.autoconfigure.webservices.client.MockWebServiceServerTestExecutionListener@4e096385]
16:31:58.430 [main] DEBUG org.springframework.test.annotation.ProfileValueUtils - Retrieved @ProfileValueSourceConfiguration [null] for test class [UserTest]
16:31:58.432 [main] DEBUG org.springframework.test.annotation.ProfileValueUtils - Retrieved ProfileValueSource type [class org.springframework.test.annotation.SystemProfileValueSource] for class [UserTest]
16:31:58.434 [main] DEBUG org.springframework.test.annotation.ProfileValueUtils - Retrieved @ProfileValueSourceConfiguration [null] for test class [UserTest]
16:31:58.434 [main] DEBUG org.springframework.test.annotation.ProfileValueUtils - Retrieved ProfileValueSource type [class org.springframework.test.annotation.SystemProfileValueSource] for class [UserTest]
16:31:58.437 [main] DEBUG org.springframework.test.annotation.ProfileValueUtils - Retrieved @ProfileValueSourceConfiguration [null] for test class [UserTest]
16:31:58.438 [main] DEBUG org.springframework.test.annotation.ProfileValueUtils - Retrieved ProfileValueSource type [class org.springframework.test.annotation.SystemProfileValueSource] for class [UserTest]
16:31:58.462 [main] DEBUG org.springframework.test.context.junit4.SpringJUnit4ClassRunner - SpringJUnit4ClassRunner constructor called with [class UserTest]
16:31:58.462 [main] DEBUG org.springframework.test.context.BootstrapUtils - Instantiating CacheAwareContextLoaderDelegate from class [org.springframework.test.context.cache.DefaultCacheAwareContextLoaderDelegate]
16:31:58.462 [main] DEBUG org.springframework.test.context.BootstrapUtils - Instantiating BootstrapContext using constructor [public org.springframework.test.context.support.DefaultBootstrapContext(java.lang.Class,org.springframework.test.context.CacheAwareContextLoaderDelegate)]
16:31:58.463 [main] DEBUG org.springframework.test.context.BootstrapUtils - Instantiating TestContextBootstrapper for test class [UserTest] from class [org.springframework.boot.test.context.SpringBootTestContextBootstrapper]
16:31:58.464 [main] INFO org.springframework.boot.test.context.SpringBootTestContextBootstrapper - Neither @ContextConfiguration nor @ContextHierarchy found for test class [UserTest], using SpringBootContextLoader
16:31:58.465 [main] DEBUG org.springframework.test.context.support.AbstractContextLoader - Did not detect default resource location for test class [UserTest]: class path resource [UserTest-context.xml] does not exist
16:31:58.465 [main] DEBUG org.springframework.test.context.support.AbstractContextLoader - Did not detect default resource location for test class [UserTest]: class path resource [UserTestContext.groovy] does not exist
16:31:58.465 [main] INFO org.springframework.test.context.support.AbstractContextLoader - Could not detect default resource locations for test class [UserTest]: no resource found for suffixes {-context.xml, Context.groovy}.
16:31:58.468 [main] DEBUG org.springframework.test.context.support.ActiveProfilesUtils - Could not find an 'annotation declaring class' for annotation type [org.springframework.test.context.ActiveProfiles] and class [UserTest]
16:31:58.471 [main] DEBUG org.springframework.boot.test.context.SpringBootTestContextBootstrapper - @TestExecutionListeners is not present for class [UserTest]: using defaults.
16:31:58.471 [main] INFO org.springframework.boot.test.context.SpringBootTestContextBootstrapper - Loaded default TestExecutionListener class names from location [META-INF/spring.factories]: [org.springframework.boot.test.mock.mockito.MockitoTestExecutionListener, org.springframework.boot.test.mock.mockito.ResetMocksTestExecutionListener, org.springframework.boot.test.autoconfigure.restdocs.RestDocsTestExecutionListener, org.springframework.boot.test.autoconfigure.web.client.MockRestServiceServerResetTestExecutionListener, org.springframework.boot.test.autoconfigure.web.servlet.MockMvcPrintOnlyOnFailureTestExecutionListener, org.springframework.boot.test.autoconfigure.web.servlet.WebDriverTestExecutionListener, org.springframework.boot.test.autoconfigure.webservices.client.MockWebServiceServerTestExecutionListener, org.springframework.test.context.web.ServletTestExecutionListener, org.springframework.test.context.support.DirtiesContextBeforeModesTestExecutionListener, org.springframework.test.context.support.DependencyInjectionTestExecutionListener, org.springframework.test.context.support.DirtiesContextTestExecutionListener, org.springframework.test.context.transaction.TransactionalTestExecutionListener, org.springframework.test.context.jdbc.SqlScriptsTestExecutionListener, org.springframework.test.context.event.EventPublishingTestExecutionListener]
16:31:58.471 [main] INFO org.springframework.boot.test.context.SpringBootTestContextBootstrapper - Using TestExecutionListeners: [org.springframework.test.context.web.ServletTestExecutionListener@52af26ee, org.springframework.test.context.support.DirtiesContextBeforeModesTestExecutionListener@6fd83fc1, org.springframework.boot.test.mock.mockito.MockitoTestExecutionListener@4f2b503c, org.springframework.boot.test.autoconfigure.SpringBootDependencyInjectionTestExecutionListener@bae7dc0, org.springframework.test.context.support.DirtiesContextTestExecutionListener@209da20d, org.springframework.test.context.transaction.TransactionalTestExecutionListener@e15b7e8, org.springframework.test.context.jdbc.SqlScriptsTestExecutionListener@1b2abca6, org.springframework.test.context.event.EventPublishingTestExecutionListener@6392827e, org.springframework.boot.test.mock.mockito.ResetMocksTestExecutionListener@2ed2d9cb, org.springframework.boot.test.autoconfigure.restdocs.RestDocsTestExecutionListener@d5b810e, org.springframework.boot.test.autoconfigure.web.client.MockRestServiceServerResetTestExecutionListener@43dac38f, org.springframework.boot.test.autoconfigure.web.servlet.MockMvcPrintOnlyOnFailureTestExecutionListener@342c38f8, org.springframework.boot.test.autoconfigure.web.servlet.WebDriverTestExecutionListener@c88a337, org.springframework.boot.test.autoconfigure.webservices.client.MockWebServiceServerTestExecutionListener@5d0a1059]
16:31:58.471 [main] DEBUG org.springframework.test.annotation.ProfileValueUtils - Retrieved @ProfileValueSourceConfiguration [null] for test class [UserTest]
16:31:58.471 [main] DEBUG org.springframework.test.annotation.ProfileValueUtils - Retrieved ProfileValueSource type [class org.springframework.test.annotation.SystemProfileValueSource] for class [UserTest]
16:31:58.472 [main] DEBUG org.springframework.test.annotation.ProfileValueUtils - Retrieved @ProfileValueSourceConfiguration [null] for test class [UserTest]
16:31:58.472 [main] DEBUG org.springframework.test.annotation.ProfileValueUtils - Retrieved ProfileValueSource type [class org.springframework.test.annotation.SystemProfileValueSource] for class [UserTest]
16:31:58.472 [main] DEBUG org.springframework.test.annotation.ProfileValueUtils - Retrieved @ProfileValueSourceConfiguration [null] for test class [UserTest]
16:31:58.472 [main] DEBUG org.springframework.test.annotation.ProfileValueUtils - Retrieved ProfileValueSource type [class org.springframework.test.annotation.SystemProfileValueSource] for class [UserTest]
16:31:58.536 [main] DEBUG org.springframework.test.annotation.ProfileValueUtils - Retrieved @ProfileValueSourceConfiguration [null] for test class [UserTest]
16:31:58.536 [main] DEBUG org.springframework.test.annotation.ProfileValueUtils - Retrieved ProfileValueSource type [class org.springframework.test.annotation.SystemProfileValueSource] for class [UserTest]
16:31:58.539 [main] DEBUG org.springframework.test.annotation.ProfileValueUtils - Retrieved @ProfileValueSourceConfiguration [null] for test class [UserTest]
16:31:58.539 [main] DEBUG org.springframework.test.annotation.ProfileValueUtils - Retrieved ProfileValueSource type [class org.springframework.test.annotation.SystemProfileValueSource] for class [UserTest]
16:31:58.540 [main] DEBUG org.springframework.test.annotation.ProfileValueUtils - Retrieved @ProfileValueSourceConfiguration [null] for test class [UserTest]
16:31:58.540 [main] DEBUG org.springframework.test.annotation.ProfileValueUtils - Retrieved ProfileValueSource type [class org.springframework.test.annotation.SystemProfileValueSource] for class [UserTest]
16:31:58.546 [main] DEBUG org.springframework.test.context.support.AbstractDirtiesContextTestExecutionListener - Before test class: context [DefaultTestContext@5890e879 testClass = UserTest, testInstance = [null], testMethod = [null], testException = [null], mergedContextConfiguration = [WebMergedContextConfiguration@6440112d testClass = UserTest, locations = '{}', classes = '{class com.travel.laizheli.ClientApplication, class com.travel.laizheli.ClientApplication}', contextInitializerClasses = '[]', activeProfiles = '{}', propertySourceLocations = '{}', propertySourceProperties = '{org.springframework.boot.test.context.SpringBootTestContextBootstrapper=true}', contextCustomizers = set[org.springframework.boot.test.context.filter.ExcludeFilterContextCustomizer@3d121db3, org.springframework.boot.test.json.DuplicateJsonObjectContextCustomizerFactory$DuplicateJsonObjectContextCustomizer@3901d134, org.springframework.boot.test.mock.mockito.MockitoContextCustomizer@0, org.springframework.boot.test.web.client.TestRestTemplateContextCustomizer@4df50bcc, org.springframework.boot.test.autoconfigure.properties.PropertyMappingContextCustomizer@0, org.springframework.boot.test.autoconfigure.web.servlet.WebDriverContextCustomizerFactory$Customizer@75329a49, org.springframework.boot.test.context.SpringBootTestArgs@1], resourceBasePath = 'src/main/webapp', contextLoader = 'org.springframework.boot.test.context.SpringBootContextLoader', parent = [null]], attributes = map['org.springframework.test.context.web.ServletTestExecutionListener.activateListener' -> true]], class annotated with @DirtiesContext [false] with mode [null].
16:31:58.549 [main] DEBUG org.springframework.test.annotation.ProfileValueUtils - Retrieved @ProfileValueSourceConfiguration [null] for test class [UserTest]
16:31:58.549 [main] DEBUG org.springframework.test.annotation.ProfileValueUtils - Retrieved ProfileValueSource type [class org.springframework.test.annotation.SystemProfileValueSource] for class [UserTest]
16:31:58.575 [main] DEBUG org.springframework.test.context.support.TestPropertySourceUtils - Adding inlined properties to environment: {spring.jmx.enabled=false, org.springframework.boot.test.context.SpringBootTestContextBootstrapper=true}

  .   ____          _            __ _ _
 /\\ / ___'_ __ _ _(_)_ __  __ _ \ \ \ \
( ( )\___ | '_ | '_| | '_ \/ _` | \ \ \ \
 \\/  ___)| |_)| | | | | || (_| |  ) ) ) )
  '  |____| .__|_| |_|_| |_\__, | / / / /
 =========|_|==============|___/=/_/_/_/
 :: Spring Boot ::        (v2.3.0.RELEASE)

2021-01-21 16:31:59.418  INFO 20032 --- [           main] UserTest                                 : Starting UserTest on DESKTOP-2IH7THC with PID 20032 (started by dell in D:\BC\IntelliJ IDEA 2020.1\Products\laizheli\laizheli-client)
2021-01-21 16:31:59.420 DEBUG 20032 --- [           main] UserTest                                 : Running with Spring Boot v2.3.0.RELEASE, Spring v5.2.6.RELEASE
2021-01-21 16:31:59.420  INFO 20032 --- [           main] UserTest                                 : The following profiles are active: dev
2021-01-21 16:32:00.495  INFO 20032 --- [           main] .s.d.r.c.RepositoryConfigurationDelegate : Multiple Spring Data modules found, entering strict repository configuration mode!
2021-01-21 16:32:00.499  INFO 20032 --- [           main] .s.d.r.c.RepositoryConfigurationDelegate : Bootstrapping Spring Data Redis repositories in DEFAULT mode.
2021-01-21 16:32:00.532  INFO 20032 --- [           main] .s.d.r.c.RepositoryConfigurationDelegate : Finished Spring Data repository scanning in 18ms. Found 0 Redis repository interfaces.
2021-01-21 16:32:00.731 DEBUG 20032 --- [           main] org.apache.ibatis.logging.LogFactory     : Logging initialized using 'class org.apache.ibatis.logging.slf4j.Slf4jImpl' adapter.
2021-01-21 16:32:00.734 DEBUG 20032 --- [           main] o.m.s.mapper.ClassPathMapperScanner      : Identified candidate component class: file [D:\BC\IntelliJ IDEA 2020.1\Products\laizheli\laizheli-client\target\classes\com\travel\laizheli\mapper\LoginLogMapper.class]
2021-01-21 16:32:00.735 DEBUG 20032 --- [           main] o.m.s.mapper.ClassPathMapperScanner      : Identified candidate component class: file [D:\BC\IntelliJ IDEA 2020.1\Products\laizheli\laizheli-client\target\classes\com\travel\laizheli\mapper\UserMapper.class]
2021-01-21 16:32:00.736 DEBUG 20032 --- [           main] o.m.s.mapper.ClassPathMapperScanner      : Creating MapperFactoryBean with name 'loginLogMapper' and 'com.travel.laizheli.mapper.LoginLogMapper' mapperInterface
2021-01-21 16:32:00.737 DEBUG 20032 --- [           main] o.m.s.mapper.ClassPathMapperScanner      : Enabling autowire by type for MapperFactoryBean with name 'loginLogMapper'.
2021-01-21 16:32:00.737 DEBUG 20032 --- [           main] o.m.s.mapper.ClassPathMapperScanner      : Creating MapperFactoryBean with name 'userMapper' and 'com.travel.laizheli.mapper.UserMapper' mapperInterface
2021-01-21 16:32:00.737 DEBUG 20032 --- [           main] o.m.s.mapper.ClassPathMapperScanner      : Enabling autowire by type for MapperFactoryBean with name 'userMapper'.
2021-01-21 16:32:01.690  INFO 20032 --- [           main] c.a.d.s.b.a.DruidDataSourceAutoConfigure : Init DruidDataSource
2021-01-21 16:32:01.981  INFO 20032 --- [           main] com.alibaba.druid.pool.DruidDataSource   : {dataSource-1} inited
2021-01-21 16:32:02.295 DEBUG 20032 --- [           main] c.b.m.e.s.MybatisSqlSessionFactoryBean   : Property 'mapperLocations' was not specified.
 _ _   |_  _ _|_. ___ _ |    _ 
| | |\/|_)(_| | |_\  |_)||_|_\ 
     /               |         
                        3.3.2 
2021-01-21 16:32:03.690 DEBUG 20032 --- [           main] c.b.m.core.MybatisConfiguration          : addMappedStatement: com.travel.laizheli.mapper.UserMapper.insert
2021-01-21 16:32:03.697 DEBUG 20032 --- [           main] c.b.m.core.MybatisConfiguration          : addMappedStatement: com.travel.laizheli.mapper.UserMapper.delete
2021-01-21 16:32:03.702 DEBUG 20032 --- [           main] c.b.m.core.MybatisConfiguration          : addMappedStatement: com.travel.laizheli.mapper.UserMapper.deleteByMap
2021-01-21 16:32:03.731 DEBUG 20032 --- [           main] c.b.m.core.MybatisConfiguration          : addMappedStatement: com.travel.laizheli.mapper.UserMapper.deleteById
2021-01-21 16:32:03.734 DEBUG 20032 --- [           main] c.b.m.core.MybatisConfiguration          : addMappedStatement: com.travel.laizheli.mapper.UserMapper.deleteBatchIds
2021-01-21 16:32:03.738 DEBUG 20032 --- [           main] c.b.m.core.MybatisConfiguration          : addMappedStatement: com.travel.laizheli.mapper.UserMapper.update
2021-01-21 16:32:03.740 DEBUG 20032 --- [           main] c.b.m.core.MybatisConfiguration          : addMappedStatement: com.travel.laizheli.mapper.UserMapper.updateById
2021-01-21 16:32:03.741 DEBUG 20032 --- [           main] c.b.m.core.MybatisConfiguration          : addMappedStatement: com.travel.laizheli.mapper.UserMapper.selectById
2021-01-21 16:32:03.743 DEBUG 20032 --- [           main] c.b.m.core.MybatisConfiguration          : addMappedStatement: com.travel.laizheli.mapper.UserMapper.selectBatchIds
2021-01-21 16:32:03.746 DEBUG 20032 --- [           main] c.b.m.core.MybatisConfiguration          : addMappedStatement: com.travel.laizheli.mapper.UserMapper.selectByMap
2021-01-21 16:32:03.748 DEBUG 20032 --- [           main] c.b.m.core.MybatisConfiguration          : addMappedStatement: com.travel.laizheli.mapper.UserMapper.selectOne
2021-01-21 16:32:03.752 DEBUG 20032 --- [           main] c.b.m.core.MybatisConfiguration          : addMappedStatement: com.travel.laizheli.mapper.UserMapper.selectCount
2021-01-21 16:32:03.755 DEBUG 20032 --- [           main] c.b.m.core.MybatisConfiguration          : addMappedStatement: com.travel.laizheli.mapper.UserMapper.selectMaps
2021-01-21 16:32:03.758 DEBUG 20032 --- [           main] c.b.m.core.MybatisConfiguration          : addMappedStatement: com.travel.laizheli.mapper.UserMapper.selectMapsPage
2021-01-21 16:32:03.761 DEBUG 20032 --- [           main] c.b.m.core.MybatisConfiguration          : addMappedStatement: com.travel.laizheli.mapper.UserMapper.selectObjs
2021-01-21 16:32:03.764 DEBUG 20032 --- [           main] c.b.m.core.MybatisConfiguration          : addMappedStatement: com.travel.laizheli.mapper.UserMapper.selectList
2021-01-21 16:32:03.767 DEBUG 20032 --- [           main] c.b.m.core.MybatisConfiguration          : addMappedStatement: com.travel.laizheli.mapper.UserMapper.selectPage
2021-01-21 16:32:03.802 DEBUG 20032 --- [           main] c.b.m.core.MybatisConfiguration          : addMappedStatement: com.travel.laizheli.mapper.LoginLogMapper.insert
2021-01-21 16:32:03.805 DEBUG 20032 --- [           main] c.b.m.core.MybatisConfiguration          : addMappedStatement: com.travel.laizheli.mapper.LoginLogMapper.delete
2021-01-21 16:32:03.809 DEBUG 20032 --- [           main] c.b.m.core.MybatisConfiguration          : addMappedStatement: com.travel.laizheli.mapper.LoginLogMapper.deleteByMap
2021-01-21 16:32:03.812 DEBUG 20032 --- [           main] c.b.m.core.MybatisConfiguration          : addMappedStatement: com.travel.laizheli.mapper.LoginLogMapper.deleteById
2021-01-21 16:32:03.814 DEBUG 20032 --- [           main] c.b.m.core.MybatisConfiguration          : addMappedStatement: com.travel.laizheli.mapper.LoginLogMapper.deleteBatchIds
2021-01-21 16:32:03.818 DEBUG 20032 --- [           main] c.b.m.core.MybatisConfiguration          : addMappedStatement: com.travel.laizheli.mapper.LoginLogMapper.update
2021-01-21 16:32:03.820 DEBUG 20032 --- [           main] c.b.m.core.MybatisConfiguration          : addMappedStatement: com.travel.laizheli.mapper.LoginLogMapper.updateById
2021-01-21 16:32:03.821 DEBUG 20032 --- [           main] c.b.m.core.MybatisConfiguration          : addMappedStatement: com.travel.laizheli.mapper.LoginLogMapper.selectById
2021-01-21 16:32:03.824 DEBUG 20032 --- [           main] c.b.m.core.MybatisConfiguration          : addMappedStatement: com.travel.laizheli.mapper.LoginLogMapper.selectBatchIds
2021-01-21 16:32:03.826 DEBUG 20032 --- [           main] c.b.m.core.MybatisConfiguration          : addMappedStatement: com.travel.laizheli.mapper.LoginLogMapper.selectByMap
2021-01-21 16:32:03.833 DEBUG 20032 --- [           main] c.b.m.core.MybatisConfiguration          : addMappedStatement: com.travel.laizheli.mapper.LoginLogMapper.selectOne
2021-01-21 16:32:03.836 DEBUG 20032 --- [           main] c.b.m.core.MybatisConfiguration          : addMappedStatement: com.travel.laizheli.mapper.LoginLogMapper.selectCount
2021-01-21 16:32:03.841 DEBUG 20032 --- [           main] c.b.m.core.MybatisConfiguration          : addMappedStatement: com.travel.laizheli.mapper.LoginLogMapper.selectMaps
2021-01-21 16:32:03.844 DEBUG 20032 --- [           main] c.b.m.core.MybatisConfiguration          : addMappedStatement: com.travel.laizheli.mapper.LoginLogMapper.selectMapsPage
2021-01-21 16:32:03.849 DEBUG 20032 --- [           main] c.b.m.core.MybatisConfiguration          : addMappedStatement: com.travel.laizheli.mapper.LoginLogMapper.selectObjs
2021-01-21 16:32:03.852 DEBUG 20032 --- [           main] c.b.m.core.MybatisConfiguration          : addMappedStatement: com.travel.laizheli.mapper.LoginLogMapper.selectList
2021-01-21 16:32:03.854 DEBUG 20032 --- [           main] c.b.m.core.MybatisConfiguration          : addMappedStatement: com.travel.laizheli.mapper.LoginLogMapper.selectPage
2021-01-21 16:32:04.516 DEBUG 20032 --- [           main] i.m.c.u.i.logging.InternalLoggerFactory  : Using SLF4J as the default logging framework
2021-01-21 16:32:05.049  INFO 20032 --- [           main] o.s.s.concurrent.ThreadPoolTaskExecutor  : Initializing ExecutorService 'applicationTaskExecutor'
2021-01-21 16:32:05.492 DEBUG 20032 --- [           main] i.n.u.i.logging.InternalLoggerFactory    : Using SLF4J as the default logging framework
2021-01-21 16:32:05.497 DEBUG 20032 --- [           main] i.l.c.resource.DefaultClientResources    : -Dio.netty.eventLoopThreads: 8
2021-01-21 16:32:05.506 DEBUG 20032 --- [           main] i.l.c.r.DefaultEventLoopGroupProvider    : Creating executor io.netty.util.concurrent.DefaultEventExecutorGroup
2021-01-21 16:32:05.533 DEBUG 20032 --- [           main] i.n.u.internal.InternalThreadLocalMap    : -Dio.netty.threadLocalMap.stringBuilder.initialSize: 1024
2021-01-21 16:32:05.533 DEBUG 20032 --- [           main] i.n.u.internal.InternalThreadLocalMap    : -Dio.netty.threadLocalMap.stringBuilder.maxSize: 4096
2021-01-21 16:32:05.541 DEBUG 20032 --- [           main] io.netty.util.ResourceLeakDetector       : -Dio.netty.leakDetection.level: simple
2021-01-21 16:32:05.542 DEBUG 20032 --- [           main] io.netty.util.ResourceLeakDetector       : -Dio.netty.leakDetection.targetRecords: 4
2021-01-21 16:32:05.547 DEBUG 20032 --- [           main] i.n.util.ResourceLeakDetectorFactory     : Loaded default ResourceLeakDetector: io.netty.util.ResourceLeakDetector@6af87130
2021-01-21 16:32:05.569 DEBUG 20032 --- [           main] i.netty.util.internal.PlatformDependent  : Platform: Windows
2021-01-21 16:32:05.572 DEBUG 20032 --- [           main] i.n.util.internal.PlatformDependent0     : -Dio.netty.noUnsafe: false
2021-01-21 16:32:05.572 DEBUG 20032 --- [           main] i.n.util.internal.PlatformDependent0     : Java version: 8
2021-01-21 16:32:05.574 DEBUG 20032 --- [           main] i.n.util.internal.PlatformDependent0     : sun.misc.Unsafe.theUnsafe: available
2021-01-21 16:32:05.575 DEBUG 20032 --- [           main] i.n.util.internal.PlatformDependent0     : sun.misc.Unsafe.copyMemory: available
2021-01-21 16:32:05.576 DEBUG 20032 --- [           main] i.n.util.internal.PlatformDependent0     : java.nio.Buffer.address: available
2021-01-21 16:32:05.577 DEBUG 20032 --- [           main] i.n.util.internal.PlatformDependent0     : direct buffer constructor: available
2021-01-21 16:32:05.580 DEBUG 20032 --- [           main] i.n.util.internal.PlatformDependent0     : java.nio.Bits.unaligned: available, true
2021-01-21 16:32:05.580 DEBUG 20032 --- [           main] i.n.util.internal.PlatformDependent0     : jdk.internal.misc.Unsafe.allocateUninitializedArray(int): unavailable prior to Java9
2021-01-21 16:32:05.580 DEBUG 20032 --- [           main] i.n.util.internal.PlatformDependent0     : java.nio.DirectByteBuffer.<init>(long, int): available
2021-01-21 16:32:05.580 DEBUG 20032 --- [           main] i.netty.util.internal.PlatformDependent  : sun.misc.Unsafe: available
2021-01-21 16:32:05.582 DEBUG 20032 --- [           main] i.netty.util.internal.PlatformDependent  : -Dio.netty.tmpdir: C:\Users\dell\AppData\Local\Temp (java.io.tmpdir)
2021-01-21 16:32:05.582 DEBUG 20032 --- [           main] i.netty.util.internal.PlatformDependent  : -Dio.netty.bitMode: 64 (sun.arch.data.model)
2021-01-21 16:32:05.584 DEBUG 20032 --- [           main] i.netty.util.internal.PlatformDependent  : -Dio.netty.maxDirectMemory: 1879048192 bytes
2021-01-21 16:32:05.585 DEBUG 20032 --- [           main] i.netty.util.internal.PlatformDependent  : -Dio.netty.uninitializedArrayAllocationThreshold: -1
2021-01-21 16:32:05.589 DEBUG 20032 --- [           main] io.netty.util.internal.CleanerJava6      : java.nio.ByteBuffer.cleaner(): available
2021-01-21 16:32:05.589 DEBUG 20032 --- [           main] i.netty.util.internal.PlatformDependent  : -Dio.netty.noPreferDirect: false
2021-01-21 16:32:05.601 DEBUG 20032 --- [           main] i.netty.util.internal.PlatformDependent  : org.jctools-core.MpscChunkedArrayQueue: available
2021-01-21 16:32:05.614 DEBUG 20032 --- [           main] reactor.util.Loggers$LoggerFactory       : Using Slf4j logging framework
2021-01-21 16:32:05.791 DEBUG 20032 --- [           main] io.netty.buffer.PooledByteBufAllocator   : -Dio.netty.allocator.numHeapArenas: 16
2021-01-21 16:32:05.792 DEBUG 20032 --- [           main] io.netty.buffer.PooledByteBufAllocator   : -Dio.netty.allocator.numDirectArenas: 16
2021-01-21 16:32:05.792 DEBUG 20032 --- [           main] io.netty.buffer.PooledByteBufAllocator   : -Dio.netty.allocator.pageSize: 8192
2021-01-21 16:32:05.792 DEBUG 20032 --- [           main] io.netty.buffer.PooledByteBufAllocator   : -Dio.netty.allocator.maxOrder: 11
2021-01-21 16:32:05.792 DEBUG 20032 --- [           main] io.netty.buffer.PooledByteBufAllocator   : -Dio.netty.allocator.chunkSize: 16777216
2021-01-21 16:32:05.792 DEBUG 20032 --- [           main] io.netty.buffer.PooledByteBufAllocator   : -Dio.netty.allocator.tinyCacheSize: 512
2021-01-21 16:32:05.792 DEBUG 20032 --- [           main] io.netty.buffer.PooledByteBufAllocator   : -Dio.netty.allocator.smallCacheSize: 256
2021-01-21 16:32:05.793 DEBUG 20032 --- [           main] io.netty.buffer.PooledByteBufAllocator   : -Dio.netty.allocator.normalCacheSize: 64
2021-01-21 16:32:05.794 DEBUG 20032 --- [           main] io.netty.buffer.PooledByteBufAllocator   : -Dio.netty.allocator.maxCachedBufferCapacity: 32768
2021-01-21 16:32:05.794 DEBUG 20032 --- [           main] io.netty.buffer.PooledByteBufAllocator   : -Dio.netty.allocator.cacheTrimInterval: 8192
2021-01-21 16:32:05.794 DEBUG 20032 --- [           main] io.netty.buffer.PooledByteBufAllocator   : -Dio.netty.allocator.cacheTrimIntervalMillis: 0
2021-01-21 16:32:05.795 DEBUG 20032 --- [           main] io.netty.buffer.PooledByteBufAllocator   : -Dio.netty.allocator.useCacheForAllThreads: true
2021-01-21 16:32:05.795 DEBUG 20032 --- [           main] io.netty.buffer.PooledByteBufAllocator   : -Dio.netty.allocator.maxCachedByteBuffersPerChunk: 1023
2021-01-21 16:32:06.874  INFO 20032 --- [           main] o.s.b.a.e.web.EndpointLinksResolver      : Exposing 2 endpoint(s) beneath base path '/actuator'
2021-01-21 16:32:06.973  INFO 20032 --- [           main] UserTest                                 : Started UserTest in 8.386 seconds (JVM running for 9.51)
----------all user-----------
2021-01-21 16:32:07.462 DEBUG 20032 --- [           main] org.mybatis.spring.SqlSessionUtils       : Creating a new SqlSession
2021-01-21 16:32:07.470 DEBUG 20032 --- [           main] org.mybatis.spring.SqlSessionUtils       : SqlSession [org.apache.ibatis.session.defaults.DefaultSqlSession@75a9cc24] was not registered for synchronization because synchronization is not active
2021-01-21 16:32:09.304 DEBUG 20032 --- [           main] o.m.s.t.SpringManagedTransaction         : JDBC Connection [com.mysql.cj.jdbc.ConnectionImpl@2976ef56] will not be managed by Spring
2021-01-21 16:32:09.310 DEBUG 20032 --- [           main] c.t.l.mapper.UserMapper.selectList       : ==>  Preparing: SELECT id,name,icon_url,create_time FROM user 
2021-01-21 16:32:09.342 DEBUG 20032 --- [           main] c.t.l.mapper.UserMapper.selectList       : ==> Parameters: 
2021-01-21 16:32:09.404 DEBUG 20032 --- [           main] org.mybatis.spring.SqlSessionUtils       : Closing non transactional SqlSession [org.apache.ibatis.session.defaults.DefaultSqlSession@75a9cc24]
]]></system-out>
  </testcase>
</testsuite>